<?xml version="1.0" encoding="UTF-8"?>
<!-- Generated by org.testng.reporters.JUnitReportReporter -->
<testsuite hostname="LAPTOP-OUR44JJD" failures="0" tests="1" name="com.timeKeeping.actiTime.selenium.com.timeKeeping.actiTime.selenium.ClassE" time="0.014" errors="0" timestamp="2022-09-07T11:13:51 IST" skipped="0">
  <testcase classname="com.timeKeeping.actiTime.selenium.com.timeKeeping.actiTime.selenium.ClassE" name="demo1" time="0.014"/>
  <system-out/>
</testsuite> <!-- com.timeKeeping.actiTime.selenium.com.timeKeeping.actiTime.selenium.ClassE -->
