<?xml version="1.0" encoding="UTF-8"?>
<!-- Generated by org.testng.reporters.JUnitReportReporter -->
<testsuite hostname="LAPTOP-OUR44JJD" failures="0" tests="1" name="com.timeKeeping.actiTime.selenium.TaskTest.CreateCustomerInTaskTest" time="12.196" errors="0" timestamp="2022-09-15T01:08:28 IST" skipped="0">
  <testcase classname="com.timeKeeping.actiTime.selenium.TaskTest.CreateCustomerInTaskTest" name="CreateCustomerTest" time="12.196"/>
  <system-out/>
</testsuite> <!-- com.timeKeeping.actiTime.selenium.TaskTest.CreateCustomerInTaskTest -->
