<?xml version="1.0" encoding="UTF-8"?>
<!-- Generated by org.testng.reporters.JUnitReportReporter -->
<testsuite hostname="LAPTOP-OUR44JJD" failures="0" tests="4" name="com.timeKeeping.actiTime.selenium.com.timeKeeping.actiTime.selenium.ClassB" time="0.048" errors="0" timestamp="02 Sep 2022 05:47:17 GMT" skipped="0">
  <testcase classname="com.timeKeeping.actiTime.selenium.com.timeKeeping.actiTime.selenium.ClassB" name="demo5" time="0.000"/>
  <testcase classname="com.timeKeeping.actiTime.selenium.com.timeKeeping.actiTime.selenium.ClassB" name="demo6" time="0.016"/>
  <testcase classname="com.timeKeeping.actiTime.selenium.com.timeKeeping.actiTime.selenium.ClassB" name="demo8" time="0.008"/>
  <testcase classname="com.timeKeeping.actiTime.selenium.com.timeKeeping.actiTime.selenium.ClassB" name="demo7" time="0.024"/>
</testsuite> <!-- com.timeKeeping.actiTime.selenium.com.timeKeeping.actiTime.selenium.ClassB -->
