<?xml version="1.0" encoding="UTF-8"?>
<!-- Generated by org.testng.reporters.JUnitReportReporter -->
<testsuite hostname="LAPTOP-OUR44JJD" failures="0" tests="1" name="com.timeKeeping.actiTime.selenium.com.timeKeeping.actiTime.selenium.LaunchFacebook" time="26.355" errors="0" timestamp="02 Sep 2022 05:47:17 GMT" skipped="0">
  <testcase classname="com.timeKeeping.actiTime.selenium.com.timeKeeping.actiTime.selenium.LaunchFacebook" name="demo2" time="26.355"/>
</testsuite> <!-- com.timeKeeping.actiTime.selenium.com.timeKeeping.actiTime.selenium.LaunchFacebook -->
