<?xml version="1.0" encoding="UTF-8"?>
<!-- Generated by org.testng.reporters.JUnitReportReporter -->
<testsuite hostname="LAPTOP-OUR44JJD" failures="0" tests="2" name="com.timeKeeping.actiTime.selenium.com.timeKeeping.actiTime.selenium.ToPerformGroupExecution" time="0.016" errors="0" timestamp="05 Sep 2022 12:43:18 GMT" skipped="0">
  <testcase classname="com.timeKeeping.actiTime.selenium.com.timeKeeping.actiTime.selenium.ToPerformGroupExecution" name="logout" time="0.002"/>
  <testcase classname="com.timeKeeping.actiTime.selenium.com.timeKeeping.actiTime.selenium.ToPerformGroupExecution" name="login" time="0.014"/>
</testsuite> <!-- com.timeKeeping.actiTime.selenium.com.timeKeeping.actiTime.selenium.ToPerformGroupExecution -->
