<?xml version="1.0" encoding="UTF-8"?>
<!-- Generated by org.testng.reporters.JUnitReportReporter -->
<testsuite hostname="LAPTOP-OUR44JJD" failures="0" tests="2" name="com.timeKeeping.actiTime.selenium.com.timeKeeping.actiTime.selenium.ToPerfromCrossBrowserTesting" time="22.432" errors="0" timestamp="2022-09-08T14:43:51 IST" skipped="0">
  <testcase classname="com.timeKeeping.actiTime.selenium.com.timeKeeping.actiTime.selenium.ToPerfromCrossBrowserTesting" name="demo" time="14.874"/>
  <system-out/>
  <testcase classname="com.timeKeeping.actiTime.selenium.com.timeKeeping.actiTime.selenium.ToPerfromCrossBrowserTesting" name="demo" time="7.558"/>
  <system-out/>
</testsuite> <!-- com.timeKeeping.actiTime.selenium.com.timeKeeping.actiTime.selenium.ToPerfromCrossBrowserTesting -->
